<?xml version="1.0" encoding="UTF-8"?>
<!-- Generated by org.testng.reporters.JUnitReportReporter -->
<testsuite hostname="LAPTOP-IKS9SD1L" failures="0" tests="1" name="PutTest" time="3.726" errors="0" timestamp="2023-01-29T08:02:00 IST" skipped="0">
  <testcase classname="PutTest" name="put_data" time="3.726"/>
  <system-out/>
</testsuite> <!-- PutTest -->
