<?xml version="1.0" encoding="UTF-8"?>
<!-- Generated by org.testng.reporters.JUnitReportReporter -->
<testsuite hostname="LAPTOP-IKS9SD1L" failures="0" tests="1" name="postTest" time="3.930" errors="0" timestamp="2023-02-08T12:19:56 IST" skipped="0">
  <testcase classname="postTest" name="post_data" time="3.930"/>
  <system-out/>
</testsuite> <!-- postTest -->
