<?xml version="1.0" encoding="UTF-8"?>
<!-- Generated by org.testng.reporters.JUnitReportReporter -->
<testsuite hostname="LAPTOP-IKS9SD1L" failures="0" tests="3" name="GoogleTest" time="5.032" errors="0" timestamp="2023-02-08T12:16:35 IST" skipped="0">
  <testcase classname="GoogleTest" name="utTest1" time="0.589"/>
  <system-out/>
  <testcase classname="GoogleTest" name="utTest" time="1.439"/>
  <system-out/>
  <testcase classname="GoogleTest" name="f" time="3.004"/>
  <system-out/>
</testsuite> <!-- GoogleTest -->
