<?xml version="1.0" encoding="UTF-8"?>
<!-- Generated by org.testng.reporters.JUnitReportReporter -->
<testsuite hostname="LAPTOP-IKS9SD1L" failures="0" tests="1" name="DeleteTest" time="5.573" errors="0" timestamp="2023-01-29T08:09:40 IST" skipped="0">
  <testcase classname="DeleteTest" name="Delete_local_method" time="5.573"/>
  <system-out/>
</testsuite> <!-- DeleteTest -->
