<?xml version="1.0" encoding="UTF-8"?>
<!-- Generated by org.testng.reporters.JUnitReportReporter -->
<testsuite hostname="LAPTOP-IKS9SD1L" failures="0" tests="1" name="PatchTest" time="3.608" errors="0" timestamp="2023-01-29T08:04:05 IST" skipped="0">
  <testcase classname="PatchTest" name="patch_data" time="3.608"/>
  <system-out/>
</testsuite> <!-- PatchTest -->
